%start TOP
TOP -> SQ PUNC [0.048638132295719845]
SQ -> SQ_PRIME VP [0.19318181818181818]
SQ_PRIME -> VBZ NP [0.14084507042253522]
VBZ -> 'UNK' [0.417910447761194]
NP -> DT NN [0.10107816711590296]
DT -> 'this' [0.027649769585253458]
NN -> 'flight' [0.2604166666666667]
VP -> VB NP_NN [0.050359712230215826]
VB -> 'serve' [0.041176470588235294]
NP_NN -> 'dinner' [0.2711864406779661]
PUNC -> '?' [0.28793774319066145]
TOP -> S PUNC [0.08949416342412451]
S -> NP_PRP VP [0.58]
NP_PRP -> 'I' [0.2740740740740741]
VP -> VBP NP [0.1079136690647482]
VBP -> 'need' [0.12173913043478261]
NP -> NP_PRIME VP [0.01078167115902965]
NP_PRIME -> NP_PRIME VP [0.0026109660574412533]
NP_PRIME -> NP PP [0.16449086161879894]
DT -> 'a' [0.12903225806451613]
PP -> TO NP_NNP [0.22993197278911565]
TO -> 'to' [1.0]
NP_NNP -> 'UNK' [0.2854122621564482]
VP -> VBG PP [0.11510791366906475]
VBG -> 'UNK' [0.6410256410256411]
PP -> IN NP_NNP [0.3401360544217687]
IN -> 'from' [0.47244094488188976]
NP_NNP -> 'Baltimore' [0.03805496828752643]
VP -> VBG NP [0.04316546762589928]
NP -> NP PP [0.0431266846361186]
NN -> 'stop' [0.020833333333333332]
IN -> 'in' [0.09055118110236221]
PUNC -> '.' [0.7120622568093385]
VP -> VBP S_VP [0.03597122302158273]
S_VP -> TO VP [0.11724137931034483]
VP -> VB S [0.007194244604316547]
VB -> 'have' [0.03529411764705882]
S -> NP_NN VP_VBN [0.02]
VP_VBN -> 'UNK' [1.0]
VBP -> 'have' [0.043478260869565216]
NP -> NP_PRIME SBAR [0.006738544474393531]
NP_PRIME -> NP VP [0.0026109660574412533]
NN -> 'UNK' [0.3402777777777778]
NP_NNP -> 'Denver' [0.035940803382663845]
SBAR -> WHNP_WDT S_VP [0.8421052631578947]
WHNP_WDT -> 'that' [0.3541666666666667]
S_VP -> MD VP [0.006896551724137931]
MD -> 'UNK' [0.52]
VP -> VB S_VP [0.08633093525179857]
VB -> 'like' [0.08823529411764706]
VP -> VP_PRIME ADVP [0.007194244604316547]
VP_PRIME -> VB NP_PRP [0.125]
VB -> 'UNK' [0.2529411764705882]
NP_PRP -> 'me' [0.6518518518518519]
ADVP -> ADVP_RB PP [0.16666666666666666]
ADVP_RB -> 'UNK' [1.0]
PP -> IN NP [0.291156462585034]
NP -> NP_NNP NP [0.012129380053908356]
NP -> NNP NNP [0.19946091644204852]
NNP -> 'UNK' [0.35964912280701755]
NP -> NP_PRIME PP [0.09029649595687332]
NP_PRIME -> NP_PRIME PP [0.08877284595300261]
NP_NNP -> 'Indianapolis' [0.023255813953488372]
NP_NNP -> 'Houston' [0.03382663847780127]
IN -> 'on' [0.13976377952755906]
NP -> NP_PRIME NNP [0.0431266846361186]
NP_PRIME -> NNP NNP [0.08616187989556136]
NNP -> 'A' [0.02850877192982456]
S -> NP VP [0.12]
DT -> 'The' [0.027649769585253458]
VP -> MD VP [0.1366906474820144]
VP -> VB NP [0.10071942446043165]
NP -> NP NP_NN [0.0013477088948787063]
NP -> CD RB [0.03369272237196765]
CD -> 'UNK' [0.38311688311688313]
RB -> 'a.m' [0.19642857142857142]
NP_NN -> 'tomorrow' [0.13559322033898305]
VP -> VP_PRIME NP_NN [0.014388489208633094]
VP_PRIME -> VB PP [0.34375]
IN -> 'at' [0.017716535433070866]
NP -> QP RB [0.0026954177897574125]
QP -> RB CD [0.16666666666666666]
RB -> 'around' [0.03571428571428571]
NP -> NP_PRIME NP [0.029649595687331536]
PP -> TO NP [0.09523809523809523]
NP -> JJ NNP [0.004043126684636119]
JJ -> 'UNK' [0.6212121212121212]
NNP -> 'Monday' [0.010964912280701754]
VP -> VB PP [0.04316546762589928]
NP -> NP_PRIME NN [0.0673854447439353]
NP_PRIME -> DT NN [0.04960835509138381]
VB -> 'leave' [0.01764705882352941]
CD -> 'seven' [0.09740259740259741]
RB -> 'p.m' [0.375]
TOP -> SBARQ PUNC [0.23540856031128404]
SBARQ -> WHNP SQ [0.08264462809917356]
WHNP -> WHNP ADJP_JJ [0.009433962264150943]
WHNP -> WRB RB [0.04716981132075472]
WRB -> 'UNK' [1.0]
RB -> 'UNK' [0.35714285714285715]
ADJP_JJ -> 'UNK' [0.8]
SQ -> SQ_PRIME VP_VB [0.06818181818181818]
SQ_PRIME -> MD NP [0.028169014084507043]
NP_PRIME -> NP_PRIME NN [0.04960835509138381]
NP_PRIME -> DT JJ [0.04177545691906005]
NN -> 'class' [0.04861111111111111]
NN -> 'fare' [0.07291666666666667]
VP_VB -> 'UNK' [0.5714285714285714]
DT -> 'the' [0.6267281105990783]
VP -> VP_PRIME NP [0.04316546762589928]
VP_PRIME -> VB PRT_RP [0.03125]
PRT_RP -> 'out' [1.0]
IN -> 'for' [0.013779527559055118]
NP -> NP SBAR [0.013477088948787063]
NP_PRIME -> DT NNP [0.020887728459530026]
S_VP -> S_VP_PRIME PP [0.027586206896551724]
S_VP_PRIME -> VBZ PP [0.011111111111111112]
NNP -> 'San' [0.07675438596491228]
IN -> 'around' [0.007874015748031496]
CD -> 'ten' [0.06493506493506493]
TOP -> S_VP PUNC [0.2140077821011673]
S_VP -> S_VP_PRIME NP [0.5517241379310345]
S_VP_PRIME -> VB NP_PRP [0.9222222222222223]
VB -> 'Show' [0.5588235294117647]
NP -> NP VP [0.006738544474393531]
NP -> NP_PRIME NNS [0.04716981132075472]
NP_PRIME -> PDT DT [0.010443864229765013]
PDT -> 'all' [1.0]
NNS -> 'flights' [0.7443946188340808]
VP -> VBG NP_NNP [0.007194244604316547]
S_VP_PRIME -> VB PP [0.011111111111111112]
SBARQ -> SBARQ_PRIME SQ_VP [0.008264462809917356]
SBARQ_PRIME -> PP WHNP_WHNP [1.0]
IN -> 'Of' [0.001968503937007874]
NP -> DT NNS [0.09299191374663072]
DT -> 'those' [0.009216589861751152]
WHNP_WHNP -> WDT NNS [0.95]
WDT -> 'which' [0.010416666666666666]
NNS -> 'UNK' [0.17040358744394618]
SQ_VP -> VBP PP [0.1896551724137931]
VBP -> 'stop' [0.034782608695652174]
DT -> 'that' [0.018433179723502304]
SBARQ -> WHNP SQ_VP [0.4132231404958678]
WHNP -> WHNP_WDT PP [0.16981132075471697]
WHNP_WDT -> 'Which' [0.6458333333333334]
PP -> IN NP_DT [0.014965986394557823]
IN -> 'of' [0.08661417322834646]
NP_DT -> 'these' [0.4444444444444444]
NP_NNP -> 'Nashville' [0.03171247357293869]
SQ_VP -> VBP NP_NN [0.1206896551724138]
VBP -> 'serve' [0.06956521739130435]
NP_NNP -> 'Newark' [0.06553911205073996]
NNP -> 'Los' [0.02631578947368421]
NNP -> 'Angeles' [0.02631578947368421]
NNP -> 'New' [0.05921052631578947]
SQ_VP -> SQ_VP_PRIME VP [0.034482758620689655]
SQ_VP_PRIME -> VP CC [0.06896551724137931]
VP -> VBP PP [0.02877697841726619]
VBP -> 'leave' [0.12173913043478261]
PP -> IN NP_NN [0.013605442176870748]
IN -> 'after' [0.03937007874015748]
NP_NN -> 'UNK' [0.5254237288135594]
CC -> 'and' [0.8611111111111112]
NP_NNP -> 'Phoenix' [0.040169133192389]
NP_NNP -> 'Montreal' [0.021141649048625793]
IN -> 'about' [0.005905511811023622]
SBARQ -> WHNP_WHNP SQ [0.15702479338842976]
WDT -> 'What' [0.8854166666666666]
SQ_PRIME -> VBP NP_PRP [0.07042253521126761]
VBP -> 'UNK' [0.391304347826087]
NP_PRP -> 'you' [0.05185185185185185]
VP -> VP_PRIME PP [0.1079136690647482]
NP_NNP -> 'Milwaukee' [0.03382663847780127]
NP_NNP -> 'Tampa' [0.03171247357293869]
WHNP -> WDT NNS [0.6509433962264151]
WDT -> 'Which' [0.09375]
WHNP -> WDT NN [0.0660377358490566]
SQ -> VBZ NP_DT [0.011363636363636364]
VBZ -> 'is' [0.582089552238806]
NP_DT -> 'this' [0.1111111111111111]
S_VP -> VB NP_PRP [0.013793103448275862]
WDT -> 'what' [0.010416666666666666]
SQ -> VBZ NP_PRP [0.022727272727272728]
NP_PRP -> 'it' [0.014814814814814815]
SBARQ -> WHNP_WDT SQ [0.04132231404958678]
SQ -> VBP NP [0.045454545454545456]
VBP -> 'are' [0.21739130434782608]
S_VP -> VBP NP [0.006896551724137931]
S_VP -> VB NP [0.13793103448275862]
NP -> NP_PRIME RB [0.009433962264150943]
NP_PRIME -> NP_PRIME CD [0.09921671018276762]
NP_PRIME -> CD CC [0.005221932114882507]
CC -> 'or' [0.1388888888888889]
SQ -> SQ_PRIME NP [0.07954545454545454]
SQ_PRIME -> VBP NP_NP_EX [0.2676056338028169]
NP_NP_EX -> 'there' [1.0]
DT -> 'any' [0.018433179723502304]
VBG -> 'arriving' [0.358974358974359]
NP_PRIME -> NP_PRIME NNP [0.04699738903394256]
NN -> 'one' [0.006944444444444444]
SQ -> VBZ NP [0.3409090909090909]
VP -> VBN PP [0.02877697841726619]
VBN -> 'UNK' [1.0]
IN -> 'by' [0.005905511811023622]
NP -> NP_PRIME NP_NN [0.0026954177897574125]
NP -> NN NN [0.01078167115902965]
NN -> 'evening' [0.041666666666666664]
NN -> 'tomorrow' [0.010416666666666666]
SQ_PRIME -> VBP NP [0.07042253521126761]
VB -> 'stop' [0.0058823529411764705]
SQ_VP -> VBP VP [0.017241379310344827]
DT -> 'these' [0.059907834101382486]
VP_PRIME -> VP_PRIME X_TO [0.03125]
X_TO -> 'to' [1.0]
NP -> NP_NNP NP_NNP [0.006738544474393531]
NP_NNP -> 'Tacoma' [0.023255813953488372]
NP -> DT JJ [0.005390835579514825]
SBARQ -> WHADVP_WRB SQ [0.01652892561983471]
WHADVP_WRB -> 'UNK' [1.0]
VP_VB -> 'stop' [0.2857142857142857]
JJ -> 'round' [0.25757575757575757]
NN -> 'trip' [0.06944444444444445]
NNP -> 'Airlines' [0.03728070175438596]
S -> INTJ_UH VP [0.06]
INTJ_UH -> 'UNK' [1.0]
DT -> 'all' [0.055299539170506916]
IN -> 'between' [0.027559055118110236]
CD -> 'five' [0.13636363636363635]
SBARQ -> WHNP_WP SQ [0.21487603305785125]
WHNP_WP -> 'What' [1.0]
NNP -> 'American' [0.02412280701754386]
S -> S_PRIME VP [0.12]
S_PRIME -> INTJ_UH NP_PRP [0.14285714285714285]
MD -> "'d" [0.48]
NP -> NP_PRIME CD [0.029649595687331536]
NP_PRIME -> NN CD [0.005221932114882507]
CD -> 'six' [0.07792207792207792]
TOP -> FRAG_NP PUNC [0.2237354085603113]
FRAG_NP -> NP PP [0.05217391304347826]
TOP -> FRAG PUNC [0.054474708171206226]
FRAG -> NP INTJ_UH [0.03571428571428571]
NP -> NNP JJ [0.0026954177897574125]
NP_PRIME -> NP NP_NN [0.005221932114882507]
NP_NNP -> 'Toronto' [0.02536997885835095]
WHNP -> WHNP PP [0.04716981132075472]
NP_PRIME -> NP NN [0.005221932114882507]
NP -> NNP POS [0.004043126684636119]
POS -> 'UNK' [1.0]
NP_NNP -> 'Columbus' [0.023255813953488372]
IN -> 'with' [0.00984251968503937]
SQ_VP -> VBP NP [0.05172413793103448]
NP_PRIME -> DT JJS [0.03655352480417755]
JJS -> 'UNK' [0.6486486486486487]
SQ_PRIME -> VBZ NP_NN [0.014084507042253521]
NP_PRIME -> NP CC [0.03655352480417755]
SQ -> SQ_PRIME PP [0.20454545454545456]
SQ_PRIME -> VBZ NP_NP_EX [0.028169014084507043]
NP_PRIME -> NP_PRIME X_TO [0.0026109660574412533]
NP_PRIME -> NP NP [0.005221932114882507]
NN -> 'morning' [0.06944444444444445]
TOP -> INTJ_UH PUNC [0.0038910505836575876]
NNP -> 'Kansas' [0.039473684210526314]
NNP -> 'City' [0.08114035087719298]
NP_NNP -> 'Orlando' [0.02748414376321353]
VP_PRIME -> VB ADVP [0.03125]
ADVP -> RB PP [0.16666666666666666]
SBAR -> WHNP_WDT S [0.05263157894736842]
S -> NP_NNP VP_VBZ [0.02]
VP_VBZ -> 'UNK' [1.0]
IN -> 'through' [0.001968503937007874]
NNP -> 'York' [0.05043859649122807]
NP_PRIME -> DT CD [0.007832898172323759]
CD -> 'thirty' [0.07142857142857142]
FRAG -> X NP [0.03571428571428571]
X -> WRB IN [0.3333333333333333]
S_VP -> VBZ PP [0.013793103448275862]
NP_PRIME -> CD CD [0.015665796344647518]
VP -> VBD NP [0.007194244604316547]
VBD -> 'UNK' [1.0]
S -> S_PRIME S [0.02]
S_PRIME -> S CC [0.14285714285714285]
NP_NNP -> 'Miami' [0.03171247357293869]
NNP -> 'Las' [0.05482456140350877]
NNP -> 'Vegas' [0.05482456140350877]
NP_NNP -> 'Sunday' [0.021141649048625793]
S_PRIME -> PP NP_PRP [0.42857142857142855]
IN -> 'On' [0.013779527559055118]
NP_NNP -> 'Monday' [0.010570824524312896]
SQ_PRIME -> MD NP_PRP [0.028169014084507043]
JJ -> 'nonstop' [0.12121212121212122]
VP -> VP_PRIME ADJP [0.007194244604316547]
VP_PRIME -> VP_PRIME PP [0.15625]
VP_PRIME -> VB ADVP_RB [0.03125]
ADJP -> ADJP_PRIME PP [0.3333333333333333]
ADJP_PRIME -> RB RB [1.0]
RB -> 'as' [0.017857142857142856]
PP -> IN ADJP_JJ [0.0013605442176870747]
IN -> 'as' [0.001968503937007874]
NP -> NN NNS [0.006738544474393531]
S_VP -> VBP NP_NN [0.013793103448275862]
FRAG -> FRAG_PRIME NP [0.10714285714285714]
FRAG_PRIME -> FRAG_PRIME NP [0.07692307692307693]
FRAG_PRIME -> NP NP [0.15384615384615385]
NP_PRIME -> NP_PRIME ADVP_RB [0.0026109660574412533]
NP_PRIME -> NP_NN PP [0.010443864229765013]
NP_NN -> 'flight' [0.05084745762711865]
NP -> NP_NN PP [0.0026954177897574125]
NP -> JJ NN [0.013477088948787063]
FRAG_NP -> FRAG_NP_PRIME PP [0.5043478260869565]
FRAG_NP_PRIME -> NP PP [0.19469026548672566]
NP_PRIME -> NP_NN CC [0.0026109660574412533]
TOP -> FRAG_NP_NN PUNC [0.0038910505836575876]
FRAG_NP_NN -> 'UNK' [1.0]
FRAG_NP -> FRAG_NP_PRIME NP_NN [0.017391304347826087]
FRAG_NP_PRIME -> FRAG_NP_PRIME PP [0.19469026548672566]
NP_PRIME -> NNP CD [0.007832898172323759]
FRAG_NP_PRIME -> NP_NN PP [0.035398230088495575]
NP -> CD JJ [0.0013477088948787063]
SQ_VP -> VBZ NP_NN [0.017241379310344827]
NP_NNP -> 'American' [0.0021141649048625794]
NP -> CD CD [0.0026954177897574125]
NP -> NNP NN [0.016172506738544475]
S_PRIME -> ADVP_RB NP_PRP [0.2857142857142857]
PP -> PP_PRIME NP [0.0027210884353741495]
PP_PRIME -> ADVP_RB IN [0.2]
SQ_VP -> VBP ADVP_RBS [0.034482758620689655]
ADVP_RBS -> 'UNK' [1.0]
NN -> 'dinner' [0.013888888888888888]
SQ_VP -> VBP ADVP_RB [0.017241379310344827]
SQ_VP -> VBZ ADJP_JJ [0.05172413793103448]
SBARQ -> WHNP_WDT S_VP [0.008264462809917356]
S_VP -> VBZ ADJP_JJ [0.006896551724137931]
S_VP -> S_VP_PRIME INTJ_UH [0.013793103448275862]
S_VP_PRIME -> S_VP_PRIME NP [0.022222222222222223]
SBARQ -> WHNP_WDT SQ_VP [0.05785123966942149]
SQ_VP -> VBZ ADVP_RBS [0.017241379310344827]
NNS -> 'fares' [0.08520179372197309]
NP_PRIME -> CD NN [0.007832898172323759]
CD -> 'one' [0.16883116883116883]
WHNP_WHNP -> WHADJP NNS [0.05]
WHADJP -> WRB JJ [1.0]
SQ_PRIME -> SQ_PRIME PP [0.2535211267605634]
SQ_PRIME -> SQ_PRIME NP [0.028169014084507043]
NP -> CD NN [0.01078167115902965]
SQ_VP -> SQ_VP_PRIME PP [0.29310344827586204]
SQ_VP_PRIME -> VBP PP [0.4482758620689655]
NP_NNP -> 'Dallas' [0.035940803382663845]
SQ_VP -> VBZ NP [0.034482758620689655]
NP -> DT JJS [0.0026954177897574125]
SQ_VP_PRIME -> SQ_VP_PRIME PP [0.3103448275862069]
IN -> 'via' [0.003937007874015748]
NNP -> 'Francisco' [0.043859649122807015]
NP_PRIME -> NP_PRIME SYM [0.018276762402088774]
SYM -> 'UNK' [0.6470588235294118]
SQ_VP -> VBP ADJP_JJ [0.017241379310344827]
ADJP_JJ -> 'nonstop' [0.2]
NP -> QP NN [0.0026954177897574125]
QP -> QP_PRIME CD [0.75]
QP_PRIME -> IN JJS [0.15384615384615385]
NP_PRIME -> RB VBG [0.0026109660574412533]
NP_PRIME -> NP_NNP CC [0.020887728459530026]
SQ_VP -> VBZ VP [0.017241379310344827]
NP_NNP -> 'Pittsburgh' [0.03382663847780127]
S_VP -> VBZ NP [0.006896551724137931]
NP -> JJ NNS [0.006738544474393531]
VP_PRIME -> VBP NP_NNP [0.03125]
VP_PRIME -> VBP PP [0.03125]
SQ_VP_PRIME -> VBP NP_NNP [0.1724137931034483]
SQ -> SQ_PRIME ADJP_JJ [0.011363636363636364]
SQ_PRIME -> X VBZ [0.014084507042253521]
X -> VBZ NP_DT [0.3333333333333333]
NP -> NP ADJP_JJ [0.0013477088948787063]
TOP -> SBAR PUNC [0.0019455252918287938]
SBAR -> WHNP SQ [0.05263157894736842]
WHNP -> WHADJP NNS [0.009433962264150943]
SQ -> VBP NP_NP_EX [0.011363636363636364]
DT -> 'Any' [0.004608294930875576]
VP -> VP_PRIME VP [0.007194244604316547]
VP_PRIME -> VP CC [0.03125]
IN -> 'before' [0.021653543307086614]
NP -> NP_DT PP [0.004043126684636119]
NP_DT -> 'any' [0.1111111111111111]
VP -> VB NP_NNS [0.007194244604316547]
NP_NNS -> 'UNK' [0.12195121951219512]
SQ_PRIME -> VBP NP_DT [0.014084507042253521]
NP -> NP_PRIME SYM [0.004043126684636119]
NP_PRIME -> SYM SYM [0.005221932114882507]
SYM -> 'I' [0.058823529411764705]
SYM -> 'A' [0.29411764705882354]
S_VP -> VB NP_NNS [0.020689655172413793]
NP_NNS -> 'flights' [0.25609756097560976]
NP_NNP -> 'Wednesday' [0.019027484143763214]
PP -> TO ADVP_RB [0.0013605442176870747]
NP_PRIME -> NN NNP [0.015665796344647518]
NP_NNP -> 'Memphis' [0.042283298097251586]
PP -> PP PP [0.0013605442176870747]
NP_PRIME -> NP_NNS PP [0.028720626631853787]
FRAG_NP_PRIME -> NP_NNS PP [0.3805309734513274]
NP_NNS -> 'Flights' [0.6097560975609756]
NP_NNP -> 'Cleveland' [0.06342494714587738]
TOP -> FRAG_VP PUNC [0.019455252918287938]
FRAG_VP -> FRAG_VP_PRIME PP [0.7]
FRAG_VP_PRIME -> VBG NP_NNP [0.2857142857142857]
FRAG -> PP VP [0.03571428571428571]
NP_PRIME -> JJ JJ [0.0026109660574412533]
FRAG_NP -> FRAG_NP_PRIME NP [0.02608695652173913]
FRAG -> FRAG_PRIME PP [0.17857142857142858]
FRAG_PRIME -> NP_NNP PP [0.07692307692307693]
FRAG_NP -> JJS NN [0.034782608695652174]
NN -> 'nonstop' [0.006944444444444444]
FRAG_NP -> NP VP_VBG [0.008695652173913044]
VP_VBG -> 'UNK' [1.0]
PP_PRIME -> PP_PRIME IN [0.2]
PP_PRIME -> IN CC [0.2]
NP -> NP_NNS SBAR [0.0026954177897574125]
S_VP -> VBP PP [0.020689655172413793]
S_VP -> VBZ ADVP_RB [0.006896551724137931]
SBAR -> WHNP_XXX S_VP [0.05263157894736842]
WHNP_XXX -> 'UNK' [1.0]
S_VP -> TO VP_VB [0.006896551724137931]
VP_VB -> 'leave' [0.14285714285714285]
NP -> NP_NNS PP [0.004043126684636119]
NP_PRIME -> NP_NNS VP [0.010443864229765013]
VP_PRIME -> VBG PP [0.15625]
PP -> PP_PRIME PP [0.0013605442176870747]
PP_PRIME -> PP CC [0.2]
S_VP -> VBP ADVP [0.006896551724137931]
ADVP -> NP RB [0.6666666666666666]
NP -> QP NNS [0.008086253369272238]
QP_PRIME -> RBR IN [0.3076923076923077]
RBR -> 'UNK' [1.0]
IN -> 'than' [0.011811023622047244]
FRAG_NP -> NP_NNS VP [0.008695652173913044]
S_VP_PRIME -> VB NP [0.011111111111111112]
NNP -> 'Newark' [0.0043859649122807015]
NP -> NP NNS [0.0013477088948787063]
NNP -> 'Sunday' [0.0043859649122807015]
S -> ADVP_RB VP [0.04]
NP -> NP_PRIME ADVP [0.004043126684636119]
NP -> NP_PRIME NP_NNP [0.005390835579514825]
TOP -> NP PUNC [0.005836575875486381]
NP -> NP_NNS VP [0.0026954177897574125]
IN -> 'within' [0.001968503937007874]
NP_PRIME -> CD NNS [0.0026109660574412533]
DT -> 'each' [0.004608294930875576]
FRAG -> ADVP_RB NP_NNP [0.03571428571428571]
FRAG -> NP_NNP PP [0.21428571428571427]
FRAG_NP -> NNP NN [0.008695652173913044]
FRAG_PRIME -> FRAG_PRIME PP [0.23076923076923078]
NNP -> 'Wednesday' [0.006578947368421052]
NP_PRIME -> JJ NNP [0.0026109660574412533]
TOP -> FRAG_NP_NNP PUNC [0.0019455252918287938]
FRAG_NP_NNP -> 'UNK' [1.0]
SQ_VP -> SQ_VP_PRIME NP [0.017241379310344827]
FRAG -> PP PP [0.14285714285714285]
IN -> 'From' [0.011811023622047244]
NP_PRIME -> JJ NN [0.020887728459530026]
NP_PRIME -> NNP CC [0.005221932114882507]
NNP -> 'Tampa' [0.0021929824561403508]
FRAG_NP -> NN NNS [0.008695652173913044]
NP_PRIME -> JJS NN [0.005221932114882507]
FRAG_PRIME -> PP PP [0.23076923076923078]
FRAG_VP_PRIME -> VBG NP [0.2857142857142857]
FRAG -> FRAG_PRIME VP [0.03571428571428571]
TOP -> FRAG_WHNP PUNC [0.07392996108949416]
FRAG_WHNP -> FRAG_WHNP_PRIME PP [1.0]
FRAG_WHNP_PRIME -> FRAG_WHNP_PRIME PP [0.3870967741935484]
FRAG_WHNP_PRIME -> WHNP PP [0.5967741935483871]
FRAG_WHNP_PRIME -> NP PP [0.016129032258064516]
NP -> WDT NNS [0.0013477088948787063]
FRAG -> WHNP PP [0.03571428571428571]
NP_DT -> 'those' [0.2222222222222222]
NN -> 'price' [0.03819444444444445]
FRAG_PRIME -> WHNP PP [0.07692307692307693]
SQ_VP -> VBP NP_NNS [0.017241379310344827]
TOP -> FRAG_PP PUNC [0.011673151750972763]
FRAG_PP -> IN NP_NNP [0.3333333333333333]
NP_PRP -> 'they' [0.007407407407407408]
FRAG_NP -> FRAG_NP_PRIME VP [0.02608695652173913]
FRAG_NP -> NP_NN PP [0.05217391304347826]
FRAG_PRIME -> NP_NN PP [0.15384615384615385]
FRAG_NP_PRIME -> NP CC [0.008849557522123894]
NP_NN -> 'price' [0.01694915254237288]
NP -> JJS NN [0.01078167115902965]
FRAG_NP -> FRAG_NP_PRIME SBAR [0.008695652173913044]
PP -> PP_PRIME S_VP_VBG [0.0013605442176870747]
PP_PRIME -> NP IN [0.2]
NP -> CD NNS [0.0013477088948787063]
S_VP_VBG -> 'arriving' [1.0]
NP_PRIME -> JJS JJ [0.005221932114882507]
JJS -> 'Cheapest' [0.35135135135135137]
NP_PRIME -> NP_PRIME JJ [0.007832898172323759]
SQ_PRIME -> SQ_PRIME NP_PRP [0.014084507042253521]
SQ_PRIME -> INTJ_UH MD [0.014084507042253521]
SQ_VP -> VBP NP_NNP [0.017241379310344827]
FRAG -> X PP [0.03571428571428571]
X -> WP IN [0.3333333333333333]
WP -> 'What' [1.0]
NP_DT -> 'Any' [0.05555555555555555]
SQ -> SQ_PRIME VP_NN [0.011363636363636364]
SQ_PRIME -> VBZ NP_DT [0.014084507042253521]
NP_DT -> 'that' [0.05555555555555555]
VP_NN -> 'UNK' [1.0]
SQ_VP -> VBZ ADJP_JJR [0.034482758620689655]
ADJP_JJR -> 'UNK' [1.0]
NNP -> 'Cleveland' [0.0043859649122807015]
FRAG_NP -> FRAG_NP_PRIME NNS [0.017391304347826087]
FRAG_NP_PRIME -> JJ NN [0.017699115044247787]
FRAG_NP -> FRAG_NP_PRIME CD [0.017391304347826087]
FRAG_NP_PRIME -> FRAG_NP_PRIME CD [0.035398230088495575]
FRAG_NP_PRIME -> FRAG_NP_PRIME SYM [0.02654867256637168]
FRAG_NP_PRIME -> NN NN [0.02654867256637168]
IN -> 'without' [0.001968503937007874]
NP_PRIME -> NN NN [0.007832898172323759]
FRAG_NP -> DT NNS [0.008695652173913044]
DT -> 'No' [0.004608294930875576]
FRAG_NP_PRIME -> FRAG_NP_PRIME NNP [0.017699115044247787]
DT -> 'All' [0.013824884792626729]
TOP -> FRAG_ADJP_JJ PUNC [0.0038910505836575876]
FRAG_ADJP_JJ -> 'UNK' [1.0]
FRAG_NP -> CD NNS [0.008695652173913044]
FRAG_NP -> JJ NNS [0.008695652173913044]
FRAG_NP -> FRAG_NP_PRIME NN [0.02608695652173913]
FRAG_NP -> NP_NNS PP [0.06086956521739131]
FRAG_VP -> VBG PP [0.3]
FRAG_NP -> JJ NN [0.008695652173913044]
FRAG_NP_PRIME -> NP_NNP PP [0.008849557522123894]
FRAG_PP -> IN NP [0.6666666666666666]
IN -> 'With' [0.005905511811023622]
NP_PRIME -> DT ADJP [0.0026109660574412533]
ADJP -> RBS JJ [0.3333333333333333]
RBS -> 'UNK' [1.0]
FRAG -> NP NP [0.07142857142857142]
FRAG_NP_PRIME -> FRAG_NP_PRIME NN [0.017699115044247787]
FRAG_NP_PRIME -> JJS JJ [0.017699115044247787]
FRAG_NP -> NN NN [0.034782608695652174]
TOP -> ADJP_JJ PUNC [0.0019455252918287938]
NNP -> 'Milwaukee' [0.0021929824561403508]
NNP -> 'Orlando' [0.0021929824561403508]
FRAG_VP_PRIME -> VBG PP [0.42857142857142855]
PP -> IN NP_NNPS [0.0013605442176870747]
NP_NNPS -> 'UNK' [1.0]
IN -> 'After' [0.001968503937007874]
NP -> NP NP [0.0026954177897574125]
TOP -> FRAG_ADJP_JJS PUNC [0.0019455252918287938]
FRAG_ADJP_JJS -> 'Cheapest' [1.0]
PP -> IN NP_NNS [0.0027210884353741495]
NP_PRIME -> CD RB [0.010443864229765013]
NP -> NNP NNS [0.0013477088948787063]
FRAG_NP -> FRAG_NP_PRIME NP_NNS [0.008695652173913044]
FRAG_NP -> FRAG_NP_PRIME ADVP_RB [0.02608695652173913]
FRAG_NP_PRIME -> FRAG_NP_PRIME ADVP_RB [0.008849557522123894]
FRAG_NP_PRIME -> FRAG_NP_PRIME NP [0.008849557522123894]
S -> NP_NN VP [0.02]
VP -> VBZ NP [0.007194244604316547]
FRAG -> NP_NNP NP [0.03571428571428571]
NP -> NP_PRIME QP [0.0013477088948787063]
NP_PRIME -> QP NNS [0.0026109660574412533]
QP_PRIME -> CD CD [0.15384615384615385]
QP -> CC JJR [0.08333333333333333]
JJR -> 'UNK' [1.0]
FRAG_NP -> NP_NNS ADJP [0.008695652173913044]
ADJP -> JJR PP [0.3333333333333333]
QP_PRIME -> QP_PRIME CD [0.23076923076923078]
NP_NNS -> 'fares' [0.012195121951219513]
QP_PRIME -> QP_PRIME IN [0.07692307692307693]
QP_PRIME -> RB JJR [0.07692307692307693]
RB -> 'no' [0.017857142857142856]
TOP -> FRAG_NP_NNS PUNC [0.0019455252918287938]
FRAG_NP_NNS -> 'UNK' [1.0]
FRAG_NP -> JJS NNS [0.008695652173913044]
S_VP -> S_VP_PRIME VP [0.013793103448275862]
S_VP_PRIME -> VP CC [0.011111111111111112]
TOP -> X_S_VP PUNC [0.0019455252918287938]
X_S_VP -> X_S_VP_PRIME NP [1.0]
X_S_VP_PRIME -> VB NP_PRP [1.0]
PP -> TO INTJ_UH [0.0013605442176870747]
NP_PRIME -> RB DT [0.0026109660574412533]
S_VP_PRIME -> VBP RB [0.011111111111111112]
IN -> 'into' [0.001968503937007874]
S_VP -> VBZ NP_NN [0.006896551724137931]
